<?xml version="1.0" encoding="UTF-8"?>
<persistence version="2.0" xmlns="http://java.sun.com/xml/ns/persistence" xmlns:xsi="http://www.w3.org/2001/XMLSchema-instance" xsi:schemaLocation="http://java.sun.com/xml/ns/persistence http://java.sun.com/xml/ns/persistence/persistence_2_0.xsd">
    <persistence-unit name="test">
        <provider>org.apache.openjpa.persistence.PersistenceProviderImpl</provider>
        <jta-data-source>testDatabase</jta-data-source>
        <properties>
            <property name="openjpa.jdbc.SynchronizeMappings" value="buildSchema(ForeignKeys=true)"/>
            <property name="openjpa.Log" value="DefaultLevel=WARN, SQL=TRACE"/>
            <property name="openjpa.jdbc.DBDictionary" value="hsql(SimulateLocking=true)"/>
        </properties>
    </persistence-unit>
</persistence>
